[  0%] Built target _mylocation_monitor_generate_messages_check_deps_MyLandmarkDistance
[  9%] Built target mylocation_monitor_generate_messages_lisp
[ 27%] Built target mylocation_monitor_generate_messages_py
[ 36%] Built target mylocation_monitor_generate_messages_nodejs
[ 45%] Built target mylocation_monitor_generate_messages_cpp
[35m[1mScanning dependencies of target mylocation[0m
[ 63%] Built target myposition
[ 81%] Built target mylocation_monitor_generate_messages_eus
[ 90%] [32mBuilding CXX object CMakeFiles/mylocation.dir/src/mylocation.cpp.o[0m
[ 90%] Built target mylocation_monitor_generate_messages
[01m[K/home/rcsa-gs/my_ros_cpp_ws/src/mylocation_monitor/src/mylocation.cpp:7:7:[m[K [01;31m[Kerror: [m[Kâ€˜[01m[Klocation_monitor[m[Kâ€™ has not been declared
 using location_monitor::LandmarkDistance;
[01;32m[K       ^[m[K
[01m[K/home/rcsa-gs/my_ros_cpp_ws/src/mylocation_monitor/src/mylocation.cpp:41:5:[m[K [01;31m[Kerror: [m[Kâ€˜[01m[KLandmarkDistance[m[Kâ€™ does not name a type
     LandmarkDistance FindClosest(double x ,double y){
[01;32m[K     ^[m[K
[01m[K/home/rcsa-gs/my_ros_cpp_ws/src/mylocation_monitor/src/mylocation.cpp:[m[K In member function â€˜[01m[Kvoid LandmarkMonitor::OdomCallback(const ConstPtr&)[m[Kâ€™:
[01m[K/home/rcsa-gs/my_ros_cpp_ws/src/mylocation_monitor/src/mylocation.cpp:29:3:[m[K [01;31m[Kerror: [m[Kâ€˜[01m[KLandmarkDistance[m[Kâ€™ was not declared in this scope
   LandmarkDistance ld = FindClosest(x,y);
[01;32m[K   ^[m[K
In file included from [01m[K/opt/ros/kinetic/include/ros/ros.h:40:0[m[K,
                 from [01m[K/home/rcsa-gs/my_ros_cpp_ws/src/mylocation_monitor/src/mylocation.cpp:3[m[K:
[01m[K/home/rcsa-gs/my_ros_cpp_ws/src/mylocation_monitor/src/mylocation.cpp:30:31:[m[K [01;31m[Kerror: [m[Kâ€˜[01m[Kld[m[Kâ€™ was not declared in this scope
   ROS_INFO("name: %s, d: %f", ld.name.c_str(), ld.distance);
[01;32m[K                               ^[m[K
[01m[K/opt/ros/kinetic/include/ros/console.h:346:165:[m[K [01;36m[Knote: [m[Kin definition of macro â€˜[01m[KROSCONSOLE_PRINT_AT_LOCATION_WITH_FILTER[m[Kâ€™
     ::ros::console::print(filter, __rosconsole_define_location__loc.logger_, __rosconsole_define_location__loc.level_, __FILE__, __LINE__, __ROSCONSOLE_FUNCTION__, __VA_ARGS__)
[01;32m[K                                                                                                                                                                     ^[m[K
[01m[K/opt/ros/kinetic/include/ros/console.h:379:7:[m[K [01;36m[Knote: [m[Kin expansion of macro â€˜[01m[KROSCONSOLE_PRINT_AT_LOCATION[m[Kâ€™
       ROSCONSOLE_PRINT_AT_LOCATION(__VA_ARGS__); \
[01;32m[K       ^[m[K
[01m[K/opt/ros/kinetic/include/ros/console.h:561:35:[m[K [01;36m[Knote: [m[Kin expansion of macro â€˜[01m[KROS_LOG_COND[m[Kâ€™
 #define ROS_LOG(level, name, ...) ROS_LOG_COND(true, level, name, __VA_ARGS__)
[01;32m[K                                   ^[m[K
[01m[K/opt/ros/kinetic/include/rosconsole/macros_generated.h:110:23:[m[K [01;36m[Knote: [m[Kin expansion of macro â€˜[01m[KROS_LOG[m[Kâ€™
 #define ROS_INFO(...) ROS_LOG(::ros::console::levels::Info, ROSCONSOLE_DEFAULT_NAME, __VA_ARGS__)
[01;32m[K                       ^[m[K
[01m[K/home/rcsa-gs/my_ros_cpp_ws/src/mylocation_monitor/src/mylocation.cpp:30:3:[m[K [01;36m[Knote: [m[Kin expansion of macro â€˜[01m[KROS_INFO[m[Kâ€™
   ROS_INFO("name: %s, d: %f", ld.name.c_str(), ld.distance);
[01;32m[K   ^[m[K
CMakeFiles/mylocation.dir/build.make:62: recipe for target 'CMakeFiles/mylocation.dir/src/mylocation.cpp.o' failed
CMakeFiles/Makefile2:67: recipe for target 'CMakeFiles/mylocation.dir/all' failed
Makefile:138: recipe for target 'all' failed
make[2]: *** [CMakeFiles/mylocation.dir/src/mylocation.cpp.o] Error 1
make[1]: *** [CMakeFiles/mylocation.dir/all] Error 2
make: *** [all] Error 2
